This file contains any messages produced by compilers while
running configure, to aid debugging if configure makes a mistake.

It was created by configure, which was
generated by GNU Autoconf 2.69.  Invocation command line was

  $ ./configure HAVE_NEW_CAPI4LINUX=0 --libdir=/usr/local/lib64 --datarootdir=/usr/local/lib64 --sysconfdir=/etc --localstatedir=/var

## --------- ##
## Platform. ##
## --------- ##

hostname = linux1
uname -m = x86_64
uname -r = 4.4.73-18.17-default
uname -s = Linux
uname -v = #1 SMP Fri Jun 23 20:25:06 UTC 2017 (f462a66)

/usr/bin/uname -p = x86_64
/bin/uname -X     = unknown

/bin/arch              = x86_64
/usr/bin/arch -k       = unknown
/usr/convex/getsysinfo = unknown
/usr/bin/hostinfo      = unknown
/bin/machine           = unknown
/usr/bin/oslevel       = unknown
/bin/universe          = unknown

PATH: /usr/bin
PATH: /usr/sbin
PATH: /sbin
PATH: /bin
PATH: /usr/lib/news/bin
PATH: /root/bin


## ----------- ##
## Core tests. ##
## ----------- ##

configure:2248: checking for a BSD-compatible install
configure:2316: result: /usr/bin/install -c
configure:2327: checking whether build environment is sane
configure:2377: result: yes
configure:2518: checking for a thread-safe mkdir -p
configure:2557: result: /usr/bin/mkdir -p
configure:2570: checking for gawk
configure:2586: found /usr/bin/gawk
configure:2597: result: gawk
configure:2608: checking whether make sets $(MAKE)
configure:2630: result: yes
configure:2767: checking for gcc
configure:2783: found /usr/bin/gcc
configure:2794: result: gcc
configure:3023: checking for C compiler version
configure:3032: gcc --version >&5
gcc (SUSE Linux) 4.8.5
Copyright (C) 2015 Free Software Foundation, Inc.
This is free software; see the source for copying conditions.  There is NO
warranty; not even for MERCHANTABILITY or FITNESS FOR A PARTICULAR PURPOSE.

configure:3043: $? = 0
configure:3032: gcc -v >&5
Using built-in specs.
COLLECT_GCC=gcc
COLLECT_LTO_WRAPPER=/usr/lib64/gcc/x86_64-suse-linux/4.8/lto-wrapper
Target: x86_64-suse-linux
Configured with: ../configure --prefix=/usr --infodir=/usr/share/info --mandir=/usr/share/man --libdir=/usr/lib64 --libexecdir=/usr/lib64 --enable-languages=c,c++,objc,fortran,obj-c++,java,ada --enable-checking=release --with-gxx-include-dir=/usr/include/c++/4.8 --enable-ssp --disable-libssp --disable-plugin --with-bugurl=http://bugs.opensuse.org/ --with-pkgversion='SUSE Linux' --disable-libgcj --disable-libmudflap --with-slibdir=/lib64 --with-system-zlib --enable-__cxa_atexit --enable-libstdcxx-allocator=new --disable-libstdcxx-pch --enable-version-specific-runtime-libs --enable-linker-build-id --enable-linux-futex --program-suffix=-4.8 --without-system-libunwind --with-arch-32=i586 --with-tune=generic --build=x86_64-suse-linux --host=x86_64-suse-linux
Thread model: posix
gcc version 4.8.5 (SUSE Linux) 
configure:3043: $? = 0
configure:3032: gcc -V >&5
gcc: error: unrecognized command line option '-V'
gcc: fatal error: no input files
compilation terminated.
configure:3043: $? = 1
configure:3032: gcc -qversion >&5
gcc: error: unrecognized command line option '-qversion'
gcc: fatal error: no input files
compilation terminated.
configure:3043: $? = 1
configure:3063: checking whether the C compiler works
configure:3085: gcc    conftest.c  >&5
configure:3089: $? = 0
configure:3137: result: yes
configure:3140: checking for C compiler default output file name
configure:3142: result: a.out
configure:3148: checking for suffix of executables
configure:3155: gcc -o conftest    conftest.c  >&5
configure:3159: $? = 0
configure:3181: result: 
configure:3203: checking whether we are cross compiling
configure:3211: gcc -o conftest    conftest.c  >&5
configure:3215: $? = 0
configure:3222: ./conftest
configure:3226: $? = 0
configure:3241: result: no
configure:3246: checking for suffix of object files
configure:3268: gcc -c   conftest.c >&5
configure:3272: $? = 0
configure:3293: result: o
configure:3297: checking whether we are using the GNU C compiler
configure:3316: gcc -c   conftest.c >&5
configure:3316: $? = 0
configure:3325: result: yes
configure:3334: checking whether gcc accepts -g
configure:3354: gcc -c -g  conftest.c >&5
configure:3354: $? = 0
configure:3395: result: yes
configure:3412: checking for gcc option to accept ISO C89
configure:3475: gcc  -c -g -O2  conftest.c >&5
configure:3475: $? = 0
configure:3488: result: none needed
configure:3519: checking for style of include used by make
configure:3547: result: GNU
configure:3573: checking dependency style of gcc
configure:3684: result: gcc3
configure:3757: checking for g++
configure:3773: found /usr/bin/g++
configure:3784: result: g++
configure:3811: checking for C++ compiler version
configure:3820: g++ --version >&5
g++ (SUSE Linux) 4.8.5
Copyright (C) 2015 Free Software Foundation, Inc.
This is free software; see the source for copying conditions.  There is NO
warranty; not even for MERCHANTABILITY or FITNESS FOR A PARTICULAR PURPOSE.

configure:3831: $? = 0
configure:3820: g++ -v >&5
Using built-in specs.
COLLECT_GCC=g++
COLLECT_LTO_WRAPPER=/usr/lib64/gcc/x86_64-suse-linux/4.8/lto-wrapper
Target: x86_64-suse-linux
Configured with: ../configure --prefix=/usr --infodir=/usr/share/info --mandir=/usr/share/man --libdir=/usr/lib64 --libexecdir=/usr/lib64 --enable-languages=c,c++,objc,fortran,obj-c++,java,ada --enable-checking=release --with-gxx-include-dir=/usr/include/c++/4.8 --enable-ssp --disable-libssp --disable-plugin --with-bugurl=http://bugs.opensuse.org/ --with-pkgversion='SUSE Linux' --disable-libgcj --disable-libmudflap --with-slibdir=/lib64 --with-system-zlib --enable-__cxa_atexit --enable-libstdcxx-allocator=new --disable-libstdcxx-pch --enable-version-specific-runtime-libs --enable-linker-build-id --enable-linux-futex --program-suffix=-4.8 --without-system-libunwind --with-arch-32=i586 --with-tune=generic --build=x86_64-suse-linux --host=x86_64-suse-linux
Thread model: posix
gcc version 4.8.5 (SUSE Linux) 
configure:3831: $? = 0
configure:3820: g++ -V >&5
g++: error: unrecognized command line option '-V'
g++: fatal error: no input files
compilation terminated.
configure:3831: $? = 1
configure:3820: g++ -qversion >&5
g++: error: unrecognized command line option '-qversion'
g++: fatal error: no input files
compilation terminated.
configure:3831: $? = 1
configure:3835: checking whether we are using the GNU C++ compiler
configure:3854: g++ -c   conftest.cpp >&5
configure:3854: $? = 0
configure:3863: result: yes
configure:3872: checking whether g++ accepts -g
configure:3892: g++ -c -g  conftest.cpp >&5
configure:3892: $? = 0
configure:3933: result: yes
configure:3958: checking dependency style of g++
configure:4069: result: gcc3
configure:4128: checking for ranlib
configure:4144: found /usr/bin/ranlib
configure:4155: result: ranlib
configure:4177: checking whether make sets $(MAKE)
configure:4199: result: yes
configure:4210: checking for doxygen
configure:4228: found /usr/bin/doxygen
configure:4240: result: /usr/bin/doxygen
configure:4252: checking for gettimeofday
configure:4252: g++ -o conftest -g -O2   conftest.cpp  >&5
configure:4252: $? = 0
configure:4252: result: yes
configure:4266: checking how to run the C++ preprocessor
configure:4293: g++ -E  conftest.cpp
configure:4293: $? = 0
configure:4307: g++ -E  conftest.cpp
conftest.cpp:12:28: fatal error: ac_nonexistent.h: No such file or directory
 #include <ac_nonexistent.h>
                            ^
compilation terminated.
configure:4307: $? = 1
configure: failed program was:
| /* confdefs.h */
| #define PACKAGE_NAME ""
| #define PACKAGE_TARNAME ""
| #define PACKAGE_VERSION ""
| #define PACKAGE_STRING ""
| #define PACKAGE_BUGREPORT ""
| #define PACKAGE_URL ""
| #define PACKAGE "capisuite"
| #define VERSION "0.5.git"
| #define HAVE_GETTIMEOFDAY 1
| /* end confdefs.h.  */
| #include <ac_nonexistent.h>
configure:4332: result: g++ -E
configure:4352: g++ -E  conftest.cpp
configure:4352: $? = 0
configure:4366: g++ -E  conftest.cpp
conftest.cpp:12:28: fatal error: ac_nonexistent.h: No such file or directory
 #include <ac_nonexistent.h>
                            ^
compilation terminated.
configure:4366: $? = 1
configure: failed program was:
| /* confdefs.h */
| #define PACKAGE_NAME ""
| #define PACKAGE_TARNAME ""
| #define PACKAGE_VERSION ""
| #define PACKAGE_STRING ""
| #define PACKAGE_BUGREPORT ""
| #define PACKAGE_URL ""
| #define PACKAGE "capisuite"
| #define VERSION "0.5.git"
| #define HAVE_GETTIMEOFDAY 1
| /* end confdefs.h.  */
| #include <ac_nonexistent.h>
configure:4395: checking for grep that handles long lines and -e
configure:4453: result: /usr/bin/grep
configure:4458: checking for egrep
configure:4520: result: /usr/bin/grep -E
configure:4525: checking for ANSI C header files
configure:4545: g++ -c -g -O2  conftest.cpp >&5
configure:4545: $? = 0
configure:4618: g++ -o conftest -g -O2   conftest.cpp  >&5
configure:4618: $? = 0
configure:4618: ./conftest
configure:4618: $? = 0
configure:4629: result: yes
configure:4642: checking for sys/types.h
configure:4642: g++ -c -g -O2  conftest.cpp >&5
configure:4642: $? = 0
configure:4642: result: yes
configure:4642: checking for sys/stat.h
configure:4642: g++ -c -g -O2  conftest.cpp >&5
configure:4642: $? = 0
configure:4642: result: yes
configure:4642: checking for stdlib.h
configure:4642: g++ -c -g -O2  conftest.cpp >&5
configure:4642: $? = 0
configure:4642: result: yes
configure:4642: checking for string.h
configure:4642: g++ -c -g -O2  conftest.cpp >&5
configure:4642: $? = 0
configure:4642: result: yes
configure:4642: checking for memory.h
configure:4642: g++ -c -g -O2  conftest.cpp >&5
configure:4642: $? = 0
configure:4642: result: yes
configure:4642: checking for strings.h
configure:4642: g++ -c -g -O2  conftest.cpp >&5
configure:4642: $? = 0
configure:4642: result: yes
configure:4642: checking for inttypes.h
configure:4642: g++ -c -g -O2  conftest.cpp >&5
configure:4642: $? = 0
configure:4642: result: yes
configure:4642: checking for stdint.h
configure:4642: g++ -c -g -O2  conftest.cpp >&5
configure:4642: $? = 0
configure:4642: result: yes
configure:4642: checking for unistd.h
configure:4642: g++ -c -g -O2  conftest.cpp >&5
configure:4642: $? = 0
configure:4642: result: yes
configure:4656: checking sys/time.h usability
configure:4656: g++ -c -g -O2  conftest.cpp >&5
configure:4656: $? = 0
configure:4656: result: yes
configure:4656: checking sys/time.h presence
configure:4656: g++ -E  conftest.cpp
configure:4656: $? = 0
configure:4656: result: yes
configure:4656: checking for sys/time.h
configure:4656: result: yes
configure:4666: checking whether time.h and sys/time.h may both be included
configure:4686: g++ -c -g -O2  conftest.cpp >&5
configure:4686: $? = 0
configure:4693: result: yes
configure:4702: checking for <ostream> header
configure:4708: g++ -E  conftest.cpp
configure:4708: $? = 0
configure:4713: result: yes
configure:4722: checking for string::clear method
configure:4735: g++ -c -g -O2  conftest.cpp >&5
configure:4735: $? = 0
configure:4740: result: yes
configure:4750: checking for CAPI_LIBRARY_V2 signature in capiutils.h
configure:4763: g++ -c -g -O2  conftest.cpp >&5
conftest.cpp: In function 'int main()':
conftest.cpp:30:49: error: too few arguments to function 'unsigned int ALERT_REQ(_cmsg*, _cword, _cword, _cdword, _cstruct, _cstruct, _cstruct, _cstruct, _cstruct)'
 ALERT_REQ (NULL, 0, 0, 0, NULL, NULL, NULL, NULL);
                                                 ^
In file included from conftest.cpp:26:0:
/usr/include/capiutils.h:1000:10: note: declared here
 unsigned ALERT_REQ (_cmsg *cmsg, _cword ApplId, _cword Messagenumber
          ^
configure:4763: $? = 1
configure: failed program was:
| /* confdefs.h */
| #define PACKAGE_NAME ""
| #define PACKAGE_TARNAME ""
| #define PACKAGE_VERSION ""
| #define PACKAGE_STRING ""
| #define PACKAGE_BUGREPORT ""
| #define PACKAGE_URL ""
| #define PACKAGE "capisuite"
| #define VERSION "0.5.git"
| #define HAVE_GETTIMEOFDAY 1
| #define STDC_HEADERS 1
| #define HAVE_SYS_TYPES_H 1
| #define HAVE_SYS_STAT_H 1
| #define HAVE_STDLIB_H 1
| #define HAVE_STRING_H 1
| #define HAVE_MEMORY_H 1
| #define HAVE_STRINGS_H 1
| #define HAVE_INTTYPES_H 1
| #define HAVE_STDINT_H 1
| #define HAVE_UNISTD_H 1
| #define HAVE_SYS_TIME_H 1
| #define TIME_WITH_SYS_TIME 1
| #define HAVE_OSTREAM 1
| #define HAVE_STRING_CLEAR 1
| /* end confdefs.h.  */
| #include <capiutils.h>
| int
| main ()
| {
| ALERT_REQ (NULL, 0, 0, 0, NULL, NULL, NULL, NULL);
|   ;
|   return 0;
| }
configure:4772: result: no
configure:4779: checking for sfftobmp version
configure:4788: result: 3.1.4
4.0.7
configure:4805: checking for capi20_register in -lcapi20
configure:4830: g++ -o conftest -g -O2   conftest.cpp -lcapi20   >&5
configure:4830: $? = 0
configure:4839: result: yes
configure:4852: checking for pthread_create in -lpthread
configure:4877: g++ -o conftest -g -O2   conftest.cpp -lpthread  -lcapi20  >&5
configure:4877: $? = 0
configure:4886: result: yes
configure:4932: checking for a Python interpreter with version >= 2.2
configure:4949: python -c import sys # split strings by '.' and convert to numeric. Append some zeros # because we need at least 4 digits for the hex conversion. # map returns an iterator in Python 3.0 and a list in 2.x minver = list(map(int, '2.2'.split('.'))) + [0, 0, 0] minverhex = 0 # xrange is not present in Python 3.0 and range returns an iterator for i in list(range(0, 4)): minverhex = (minverhex << 8) + minver[i] sys.exit(sys.hexversion < minverhex)
configure:4952: $? = 0
configure:4958: result: python
configure:4966: checking for python
configure:4984: found /usr/bin/python
configure:4996: result: /usr/bin/python
configure:5014: checking for python version
configure:5021: result: 2.7
configure:5033: checking for python platform
configure:5040: result: linux2
configure:5047: checking for python script directory
configure:5075: result: ${prefix}/lib/python2.7/site-packages
configure:5084: checking for python extension module directory
configure:5112: result: ${exec_prefix}/lib64/python2.7/site-packages
configure:5126: checking Python installation directories
configure:5146: result: /usr/lib64/python2.7
configure:5151: checking how to link an embedded Python application
configure:5170: result:  -lpthread -ldl -lutil -lm -lpython2.7 
configure:5313: creating ./config.status

## ---------------------- ##
## Running config.status. ##
## ---------------------- ##

This file was extended by config.status, which was
generated by GNU Autoconf 2.69.  Invocation command line was

  CONFIG_FILES    = 
  CONFIG_HEADERS  = 
  CONFIG_LINKS    = 
  CONFIG_COMMANDS = 
  $ ./config.status 

on linux1

config.status:890: creating Makefile
config.status:890: creating src/Makefile
config.status:890: creating src/backend/Makefile
config.status:890: creating src/modules/Makefile
config.status:890: creating src/application/Makefile
config.status:890: creating src/capisuite-py/Makefile
config.status:890: creating scripts/Makefile
config.status:890: creating scripts/waves/Makefile
config.status:890: creating docs/Makefile
config.status:890: creating config.h
config.status:1119: executing depfiles commands

## ---------------- ##
## Cache variables. ##
## ---------------- ##

ac_cv_c_compiler_gnu=yes
ac_cv_cxx_compiler_gnu=yes
ac_cv_env_CCC_set=
ac_cv_env_CCC_value=
ac_cv_env_CC_set=
ac_cv_env_CC_value=
ac_cv_env_CFLAGS_set=
ac_cv_env_CFLAGS_value=
ac_cv_env_CPPFLAGS_set=
ac_cv_env_CPPFLAGS_value=
ac_cv_env_CXXCPP_set=
ac_cv_env_CXXCPP_value=
ac_cv_env_CXXFLAGS_set=
ac_cv_env_CXXFLAGS_value=
ac_cv_env_CXX_set=
ac_cv_env_CXX_value=
ac_cv_env_LDFLAGS_set=
ac_cv_env_LDFLAGS_value=
ac_cv_env_LIBS_set=
ac_cv_env_LIBS_value=
ac_cv_env_PYTHON_set=
ac_cv_env_PYTHON_value=
ac_cv_env_build_alias_set=
ac_cv_env_build_alias_value=
ac_cv_env_host_alias_set=
ac_cv_env_host_alias_value=
ac_cv_env_target_alias_set=
ac_cv_env_target_alias_value=
ac_cv_func_gettimeofday=yes
ac_cv_header_inttypes_h=yes
ac_cv_header_memory_h=yes
ac_cv_header_stdc=yes
ac_cv_header_stdint_h=yes
ac_cv_header_stdlib_h=yes
ac_cv_header_string_h=yes
ac_cv_header_strings_h=yes
ac_cv_header_sys_stat_h=yes
ac_cv_header_sys_time_h=yes
ac_cv_header_sys_types_h=yes
ac_cv_header_time=yes
ac_cv_header_unistd_h=yes
ac_cv_lib_capi20_capi20_register=yes
ac_cv_lib_pthread_pthread_create=yes
ac_cv_objext=o
ac_cv_path_EGREP='/usr/bin/grep -E'
ac_cv_path_GREP=/usr/bin/grep
ac_cv_path_PYTHON=/usr/bin/python
ac_cv_path_doxygen=/usr/bin/doxygen
ac_cv_path_install='/usr/bin/install -c'
ac_cv_path_mkdir=/usr/bin/mkdir
ac_cv_prog_AWK=gawk
ac_cv_prog_CXXCPP='g++ -E'
ac_cv_prog_ac_ct_CC=gcc
ac_cv_prog_ac_ct_CXX=g++
ac_cv_prog_ac_ct_RANLIB=ranlib
ac_cv_prog_cc_c89=
ac_cv_prog_cc_g=yes
ac_cv_prog_cxx_g=yes
ac_cv_prog_make_make_set=yes
am_cv_CC_dependencies_compiler_type=gcc3
am_cv_CXX_dependencies_compiler_type=gcc3
am_cv_pathless_PYTHON=python
am_cv_python_platform=linux2
am_cv_python_pyexecdir='${exec_prefix}/lib64/python2.7/site-packages'
am_cv_python_pythondir='${prefix}/lib/python2.7/site-packages'
am_cv_python_version=2.7

## ----------------- ##
## Output variables. ##
## ----------------- ##

ACLOCAL='${SHELL} /root/autofax/capisuite_copy/missing --run aclocal-1.11'
AMDEPBACKSLASH='\'
AMDEP_FALSE='#'
AMDEP_TRUE=''
AMTAR='$${TAR-tar}'
AUTOCONF='${SHELL} /root/autofax/capisuite_copy/missing --run autoconf'
AUTOHEADER='${SHELL} /root/autofax/capisuite_copy/missing --run autoheader'
AUTOMAKE='${SHELL} /root/autofax/capisuite_copy/missing --run automake-1.11'
AWK='gawk'
CC='gcc'
CCDEPMODE='depmode=gcc3'
CFLAGS='-g -O2'
CPPFLAGS='-DLOCALSTATEDIR=\"$(localstatedir)\" -DPKGDATADIR=\"$(pkgdatadir)\" -DPKGSYSCONFDIR=\"$(sysconfdir)/capisuite\" -DPKGLIBDIR=\"$(pkglibdir)\" $(python_includespec)'
CXX='g++'
CXXCPP='g++ -E'
CXXDEPMODE='depmode=gcc3'
CXXFLAGS='-g -O2'
CYGPATH_W='echo'
DEFS='-DHAVE_CONFIG_H'
DEPDIR='.deps'
ECHO_C=''
ECHO_N='-n'
ECHO_T=''
EGREP='/usr/bin/grep -E'
EXEEXT=''
GREP='/usr/bin/grep'
INSTALL_DATA='${INSTALL} -m 644'
INSTALL_PROGRAM='${INSTALL}'
INSTALL_SCRIPT='${INSTALL}'
INSTALL_STRIP_PROGRAM='$(install_sh) -c -s'
LDFLAGS=' -L/usr/lib64/python2.7/config -Xlinker -export-dynamic'
LIBOBJS=''
LIBS='-lpthread -lcapi20   -lpthread -ldl -lutil -lm -lpython2.7 '
LTLIBOBJS=''
MAKEINFO='${SHELL} /root/autofax/capisuite_copy/missing --run makeinfo'
MKDIR_P='/usr/bin/mkdir -p'
OBJEXT='o'
PACKAGE='capisuite'
PACKAGE_BUGREPORT=''
PACKAGE_NAME=''
PACKAGE_STRING=''
PACKAGE_TARNAME=''
PACKAGE_URL=''
PACKAGE_VERSION=''
PATH_SEPARATOR=':'
PYTHON='/usr/bin/python'
PYTHON_EXEC_PREFIX='${exec_prefix}'
PYTHON_PLATFORM='linux2'
PYTHON_PREFIX='${prefix}'
PYTHON_VERSION='2.7'
RANLIB='ranlib'
SET_MAKE=''
SHELL='/bin/sh'
STRIP=''
VERSION='0.5.git'
ac_ct_CC='gcc'
ac_ct_CXX='g++'
am__EXEEXT_FALSE=''
am__EXEEXT_TRUE='#'
am__fastdepCC_FALSE='#'
am__fastdepCC_TRUE=''
am__fastdepCXX_FALSE='#'
am__fastdepCXX_TRUE=''
am__include='include'
am__isrc=''
am__leading_dot='.'
am__nodep='_no'
am__quote=''
am__tar='$${TAR-tar} chof - "$$tardir"'
am__untar='$${TAR-tar} xf -'
bindir='${exec_prefix}/bin'
build_alias=''
datadir='${datarootdir}'
datarootdir='/usr/local/lib64'
docdir='${datarootdir}/doc/capisuite'
doxygen='/usr/bin/doxygen'
dvidir='${docdir}'
exec_prefix='${prefix}'
host_alias=''
htmldir='${docdir}'
includedir='${prefix}/include'
infodir='${datarootdir}/info'
install_sh='${SHELL} /root/autofax/capisuite_copy/install-sh'
libdir='/usr/local/lib64'
libexecdir='${exec_prefix}/libexec'
localedir='${datarootdir}/locale'
localstatedir='/var'
mandir='${datarootdir}/man'
mkdir_p='/usr/bin/mkdir -p'
oldincludedir='/usr/include'
pdfdir='${docdir}'
pkgpyexecdir='${pyexecdir}/capisuite'
pkgpythondir='${pythondir}/capisuite'
prefix='/usr/local'
program_transform_name='s,x,x,'
psdir='${docdir}'
pyexecdir='/usr/lib64/python2.7/site-packages'
python_configdir='/usr/lib64/python2.7/config'
python_execprefix='/usr'
python_includespec='-I/usr/include/python2.7'
python_linkforshared='-Xlinker -export-dynamic'
python_moduledir='/usr/lib64/python2.7/site-packages'
python_moduleexecdir='/usr/lib64/python2.7/site-packages'
python_prefix='/usr'
python_version='2.7'
pythondir='/usr/lib64/python2.7/site-packages'
sbindir='${exec_prefix}/sbin'
sfftobmp_major_version='3'
sharedstatedir='${prefix}/com'
sysconfdir='/etc'
target_alias=''

## ----------- ##
## confdefs.h. ##
## ----------- ##

/* confdefs.h */
#define PACKAGE_NAME ""
#define PACKAGE_TARNAME ""
#define PACKAGE_VERSION ""
#define PACKAGE_STRING ""
#define PACKAGE_BUGREPORT ""
#define PACKAGE_URL ""
#define PACKAGE "capisuite"
#define VERSION "0.5.git"
#define HAVE_GETTIMEOFDAY 1
#define STDC_HEADERS 1
#define HAVE_SYS_TYPES_H 1
#define HAVE_SYS_STAT_H 1
#define HAVE_STDLIB_H 1
#define HAVE_STRING_H 1
#define HAVE_MEMORY_H 1
#define HAVE_STRINGS_H 1
#define HAVE_INTTYPES_H 1
#define HAVE_STDINT_H 1
#define HAVE_UNISTD_H 1
#define HAVE_SYS_TIME_H 1
#define TIME_WITH_SYS_TIME 1
#define HAVE_OSTREAM 1
#define HAVE_STRING_CLEAR 1
#define HAVE_LIBCAPI20 1
#define HAVE_LIBPTHREAD 1

configure: exit 0
